<?xml version="1.0" encoding="UTF-8"?>
<!-- Generated by org.testng.reporters.JUnitXMLReporter -->
<testsuite hostname="DESKTOP-FGVV9N0" ignored="0" name="Test" tests="14" failures="0" timestamp="23 Jun 2020 22:02:58 GMT" time="0.061" errors="0">
  <testcase name="test1" time="0.007" classname="com.testng.DataProviderTesting"/>
  <testcase name="test1" time="0.002" classname="com.testng.DataProviderTesting"/>
  <testcase name="test2" time="0.001" classname="com.testng.DataProviderTesting"/>
  <testcase name="test2" time="0.003" classname="com.testng.DataProviderTesting"/>
  <testcase name="test3" time="0.002" classname="com.testng.DataProviderTesting"/>
  <testcase name="test3" time="0.001" classname="com.testng.DataProviderTesting"/>
  <testcase name="test3" time="0.001" classname="com.testng.DataProviderTesting"/>
  <testcase name="test3" time="0.001" classname="com.testng.DataProviderTesting"/>
  <testcase name="test3" time="0.001" classname="com.testng.DataProviderTesting"/>
  <testcase name="test3" time="0.001" classname="com.testng.DataProviderTesting"/>
  <testcase name="test3" time="0.001" classname="com.testng.DataProviderTesting"/>
  <testcase name="test3" time="0.0" classname="com.testng.DataProviderTesting"/>
  <testcase name="test3" time="0.001" classname="com.testng.DataProviderTesting"/>
  <testcase name="test3" time="0.001" classname="com.testng.DataProviderTesting"/>
</testsuite> <!-- Test -->
