<?xml version="1.0" encoding="UTF-8"?>
<testng-results skipped="0" failed="0" ignored="0" total="5" passed="5">
  <reporter-output>
  </reporter-output>
  <suite name="Default suite" duration-ms="37" started-at="2020-06-23T22:06:08Z" finished-at="2020-06-23T22:06:08Z">
    <groups>
    </groups>
    <test name="Default test" duration-ms="37" started-at="2020-06-23T22:06:08Z" finished-at="2020-06-23T22:06:08Z">
      <class name="com.testng.DataProviderTesting">
        <test-method status="PASS" signature="test1(java.lang.String, java.lang.String)[pri:0, instance:com.testng.DataProviderTesting@5a955565]" name="test1" duration-ms="7" started-at="2020-06-23T22:06:08Z" data-provider="getStringData" finished-at="2020-06-23T22:06:08Z">
          <params>
            <param index="0">
              <value>
                <![CDATA[zia@yahoo.com]]>
              </value>
            </param>
            <param index="1">
              <value>
                <![CDATA[1234]]>
              </value>
            </param>
          </params>
          <reporter-output>
          </reporter-output>
        </test-method> <!-- test1 -->
        <test-method status="PASS" signature="test1(java.lang.String, java.lang.String)[pri:0, instance:com.testng.DataProviderTesting@5a955565]" name="test1" duration-ms="0" started-at="2020-06-23T22:06:08Z" data-provider="getStringData" finished-at="2020-06-23T22:06:08Z">
          <params>
            <param index="0">
              <value>
                <![CDATA[hassan@gmail.com]]>
              </value>
            </param>
            <param index="1">
              <value>
                <![CDATA[789]]>
              </value>
            </param>
          </params>
          <reporter-output>
          </reporter-output>
        </test-method> <!-- test1 -->
        <test-method status="PASS" signature="test2(java.lang.String, java.lang.String)[pri:0, instance:com.testng.DataProviderTesting@5a955565]" name="test2" duration-ms="1" started-at="2020-06-23T22:06:08Z" data-provider="getData" finished-at="2020-06-23T22:06:08Z">
          <params>
            <param index="0">
              <value>
                <![CDATA[SAROWER]]>
              </value>
            </param>
            <param index="1">
              <value>
                <![CDATA[1234]]>
              </value>
            </param>
          </params>
          <reporter-output>
          </reporter-output>
        </test-method> <!-- test2 -->
        <test-method status="PASS" signature="test2(java.lang.String, java.lang.String)[pri:0, instance:com.testng.DataProviderTesting@5a955565]" name="test2" duration-ms="2" started-at="2020-06-23T22:06:08Z" data-provider="getData" finished-at="2020-06-23T22:06:08Z">
          <params>
            <param index="0">
              <value>
                <![CDATA[XYZ]]>
              </value>
            </param>
            <param index="1">
              <value>
                <![CDATA[1234]]>
              </value>
            </param>
          </params>
          <reporter-output>
          </reporter-output>
        </test-method> <!-- test2 -->
        <test-method status="PASS" signature="test3()[pri:0, instance:com.testng.DataProviderTesting@5a955565]" name="test3" duration-ms="1" started-at="2020-06-23T22:06:08Z" finished-at="2020-06-23T22:06:08Z">
          <reporter-output>
          </reporter-output>
        </test-method> <!-- test3 -->
      </class> <!-- com.testng.DataProviderTesting -->
    </test> <!-- Default test -->
  </suite> <!-- Default suite -->
</testng-results>
